[FileSink] Sink location set to file vcloggerdemo.log
2023-2-21 11:25:22 VCInfo First good log
2023-2-21 11:25:22 VCInfo Line: 41 File: src/oddevenservice.cpp Starting odd number search
2023-2-21 11:25:22 VCInfo Line: 44 File: src/oddevenservice.cpp Odd number: 1
2023-2-21 11:25:22 VCInfo Line: 44 File: src/oddevenservice.cpp Odd number: 3
2023-2-21 11:25:22 VCInfo Line: 44 File: src/oddevenservice.cpp Odd number: 5
2023-2-21 11:25:22 VCInfo Line: 44 File: src/oddevenservice.cpp Odd number: 7
2023-2-21 11:25:22 VCInfo Line: 44 File: src/oddevenservice.cpp Odd number: 9
2023-2-21 11:25:22 VCInfo Line: 44 File: src/oddevenservice.cpp Odd number: 11
2023-2-21 11:25:22 VCInfo Line: 44 File: src/oddevenservice.cpp Odd number: 13
2023-2-21 11:25:22 VCInfo Line: 44 File: src/oddevenservice.cpp Odd number: 15
2023-2-21 11:25:22 VCInfo Line: 44 File: src/oddevenservice.cpp Odd number: 17
2023-2-21 11:25:22 VCInfo Line: 44 File: src/oddevenservice.cpp Odd number: 19
2023-2-21 11:25:22 VCInfo Line: 44 File: src/oddevenservice.cpp Odd number: 21
2023-2-21 11:25:22 VCInfo Line: 44 File: src/oddevenservice.cpp Odd number: 23
2023-2-21 11:25:22 VCInfo Line: 44 File: src/oddevenservice.cpp Odd number: 25
2023-2-21 11:25:22 VCInfo Line: 44 File: src/oddevenservice.cpp Odd number: 27
2023-2-21 11:25:22 VCInfo Line: 44 File: src/oddevenservice.cpp Odd number: 29
2023-2-21 11:25:22 VCInfo Line: 44 File: src/oddevenservice.cpp Odd number: 31
2023-2-21 11:25:22 VCInfo Line: 44 File: src/oddevenservice.cpp Odd number: 33
2023-2-21 11:25:22 VCInfo Line: 44 File: src/oddevenservice.cpp Odd number: 35
2023-2-21 11:25:22 VCInfo Line: 44 File: src/oddevenservice.cpp Odd number: 37
2023-2-21 11:25:22 VCInfo Line: 44 File: src/oddevenservice.cpp Odd number: 39
2023-2-21 11:25:22 VCInfo Line: 44 File: src/oddevenservice.cpp Odd number: 41
2023-2-21 11:25:22 VCInfo Line: 44 File: src/oddevenservice.cpp Odd number: 43
2023-2-21 11:25:22 VCInfo Line: 44 File: src/oddevenservice.cpp Odd number: 45
2023-2-21 11:25:22 VCInfo Line: 44 File: src/oddevenservice.cpp Odd number: 47
2023-2-21 11:25:22 VCInfo Line: 44 File: src/oddevenservice.cpp Odd number: 49
2023-2-21 11:25:22 VCInfo Line: 44 File: src/oddevenservice.cpp Odd number: 51
2023-2-21 11:25:22 VCInfo Line: 44 File: src/oddevenservice.cpp Odd number: 53
2023-2-21 11:25:22 VCInfo Line: 44 File: src/oddevenservice.cpp Odd number: 55
2023-2-21 11:25:22 VCInfo Line: 44 File: src/oddevenservice.cpp Odd number: 57
2023-2-21 11:25:22 VCInfo Line: 44 File: src/oddevenservice.cpp Odd number: 59
2023-2-21 11:25:22 VCInfo Line: 44 File: src/oddevenservice.cpp Odd number: 61
2023-2-21 11:25:22 VCInfo Line: 44 File: src/oddevenservice.cpp Odd number: 63
2023-2-21 11:25:22 VCInfo Line: 44 File: src/oddevenservice.cpp Odd number: 65
2023-2-21 11:25:22 VCInfo Line: 44 File: src/oddevenservice.cpp Odd number: 67
2023-2-21 11:25:22 VCInfo Line: 44 File: src/oddevenservice.cpp Odd number: 69
2023-2-21 11:25:22 VCInfo Line: 44 File: src/oddevenservice.cpp Odd number: 71
2023-2-21 11:25:22 VCInfo Line: 44 File: src/oddevenservice.cpp Odd number: 73
2023-2-21 11:25:22 VCInfo Line: 44 File: src/oddevenservice.cpp Odd number: 75
2023-2-21 11:25:22 VCInfo Line: 44 File: src/oddevenservice.cpp Odd number: 77
2023-2-21 11:25:22 VCInfo Line: 44 File: src/oddevenservice.cpp Odd number: 79
2023-2-21 11:25:22 VCInfo Line: 44 File: src/oddevenservice.cpp Odd number: 81
2023-2-21 11:25:22 VCInfo Line: 44 File: src/oddevenservice.cpp Odd number: 83
2023-2-21 11:25:22 VCInfo Line: 44 File: src/oddevenservice.cpp Odd number: 85
2023-2-21 11:25:22 VCInfo Line: 44 File: src/oddevenservice.cpp Odd number: 87
2023-2-21 11:25:22 VCInfo Line: 44 File: src/oddevenservice.cpp Odd number: 89
2023-2-21 11:25:22 VCInfo Line: 44 File: src/oddevenservice.cpp Odd number: 91
2023-2-21 11:25:22 VCInfo Line: 44 File: src/oddevenservice.cpp Odd number: 93
2023-2-21 11:25:22 VCInfo Line: 44 File: src/oddevenservice.cpp Odd number: 95
2023-2-21 11:25:22 VCInfo Line: 44 File: src/oddevenservice.cpp Odd number: 97
2023-2-21 11:25:22 VCInfo Line: 44 File: src/oddevenservice.cpp Odd number: 99
2023-2-21 11:25:22 VCInfo Line: 23 File: src/oddevenservice.cpp Starting even number search
2023-2-21 11:25:22 VCInfo Line: 26 File: src/oddevenservice.cpp Even number: 0
2023-2-21 11:25:22 VCInfo Line: 26 File: src/oddevenservice.cpp Even number: 2
2023-2-21 11:25:22 VCInfo Line: 26 File: src/oddevenservice.cpp Even number: 4
2023-2-21 11:25:22 VCInfo Line: 26 File: src/oddevenservice.cpp Even number: 6
2023-2-21 11:25:22 VCInfo Line: 26 File: src/oddevenservice.cpp Even number: 8
2023-2-21 11:25:22 VCInfo Line: 26 File: src/oddevenservice.cpp Even number: 10
2023-2-21 11:25:22 VCInfo Line: 26 File: src/oddevenservice.cpp Even number: 12
2023-2-21 11:25:22 VCInfo Line: 26 File: src/oddevenservice.cpp Even number: 14
2023-2-21 11:25:22 VCInfo Line: 26 File: src/oddevenservice.cpp Even number: 16
2023-2-21 11:25:22 VCInfo Line: 26 File: src/oddevenservice.cpp Even number: 18
2023-2-21 11:25:22 VCInfo Line: 26 File: src/oddevenservice.cpp Even number: 20
2023-2-21 11:25:22 VCInfo Line: 26 File: src/oddevenservice.cpp Even number: 22
2023-2-21 11:25:22 VCInfo Line: 26 File: src/oddevenservice.cpp Even number: 24
2023-2-21 11:25:22 VCInfo Line: 26 File: src/oddevenservice.cpp Even number: 26
2023-2-21 11:25:22 VCInfo Line: 26 File: src/oddevenservice.cpp Even number: 28
2023-2-21 11:25:22 VCInfo Line: 26 File: src/oddevenservice.cpp Even number: 30
2023-2-21 11:25:22 VCInfo Line: 26 File: src/oddevenservice.cpp Even number: 32
2023-2-21 11:25:22 VCInfo Line: 26 File: src/oddevenservice.cpp Even number: 34
2023-2-21 11:25:22 VCInfo Line: 26 File: src/oddevenservice.cpp Even number: 36
2023-2-21 11:25:22 VCInfo Line: 26 File: src/oddevenservice.cpp Even number: 38
2023-2-21 11:25:22 VCInfo Line: 26 File: src/oddevenservice.cpp Even number: 40
2023-2-21 11:25:22 VCInfo Line: 26 File: src/oddevenservice.cpp Even number: 42
2023-2-21 11:25:22 VCInfo Line: 26 File: src/oddevenservice.cpp Even number: 44
2023-2-21 11:25:22 VCInfo Line: 26 File: src/oddevenservice.cpp Even number: 46
2023-2-21 11:25:22 VCInfo Line: 26 File: src/oddevenservice.cpp Even number: 48
2023-2-21 11:25:22 VCInfo Line: 26 File: src/oddevenservice.cpp Even number: 50
2023-2-21 11:25:22 VCInfo Line: 26 File: src/oddevenservice.cpp Even number: 52
2023-2-21 11:25:22 VCInfo Line: 26 File: src/oddevenservice.cpp Even number: 54
2023-2-21 11:25:22 VCInfo Line: 26 File: src/oddevenservice.cpp Even number: 56
2023-2-21 11:25:22 VCInfo Line: 26 File: src/oddevenservice.cpp Even number: 58
2023-2-21 11:25:22 VCInfo Line: 26 File: src/oddevenservice.cpp Even number: 60
2023-2-21 11:25:22 VCInfo Line: 26 File: src/oddevenservice.cpp Even number: 62
2023-2-21 11:25:22 VCInfo Line: 26 File: src/oddevenservice.cpp Even number: 64
2023-2-21 11:25:22 VCInfo Line: 26 File: src/oddevenservice.cpp Even number: 66
2023-2-21 11:25:22 VCInfo Line: 26 File: src/oddevenservice.cpp Even number: 68
2023-2-21 11:25:22 VCInfo Line: 26 File: src/oddevenservice.cpp Even number: 70
2023-2-21 11:25:22 VCInfo Line: 26 File: src/oddevenservice.cpp Even number: 72
2023-2-21 11:25:22 VCInfo Line: 26 File: src/oddevenservice.cpp Even number: 74
2023-2-21 11:25:22 VCInfo Line: 26 File: src/oddevenservice.cpp Even number: 76
2023-2-21 11:25:22 VCInfo Line: 26 File: src/oddevenservice.cpp Even number: 78
2023-2-21 11:25:22 VCInfo Line: 26 File: src/oddevenservice.cpp Even number: 80
2023-2-21 11:25:22 VCInfo Line: 26 File: src/oddevenservice.cpp Even number: 82
2023-2-21 11:25:22 VCInfo Line: 26 File: src/oddevenservice.cpp Even number: 84
2023-2-21 11:25:22 VCInfo Line: 26 File: src/oddevenservice.cpp Even number: 86
2023-2-21 11:25:22 VCInfo Line: 26 File: src/oddevenservice.cpp Even number: 88
2023-2-21 11:25:22 VCInfo Line: 26 File: src/oddevenservice.cpp Even number: 90
2023-2-21 11:25:22 VCInfo Line: 26 File: src/oddevenservice.cpp Even number: 92
2023-2-21 11:25:22 VCInfo Line: 26 File: src/oddevenservice.cpp Even number: 94
2023-2-21 11:25:22 VCInfo Line: 26 File: src/oddevenservice.cpp Even number: 96
2023-2-21 11:25:22 VCInfo Line: 26 File: src/oddevenservice.cpp Even number: 98
2023-2-21 11:25:22 VCError Line: 35 File: src/oddevenservice.cpp Exception: Throwing Invalid Args Exception
2023-2-21 11:25:22 VCInfo Line: 65 File: src/oddevenservice.cpp OddEven service completed sucessfully!
[FileSink] FileSink destructor called exiting safely
